# JRE version: Java(TM) SE Runtime Environment (17.0.3.1+2) (build 17.0.3.1+2-LTS-6)
# Java VM: Java HotSpot(TM) 64-Bit Server VM (17.0.3.1+2-LTS-6, mixed mode, sharing, tiered, compressed oops, compressed class ptrs, g1 gc, windows-amd64)
GC Precious Log:
 CPUs: 8 total, 8 available
 Memory: 3638M
 Large Page Support: Disabled
 NUMA Support: Disabled
 Compressed Oops: Enabled (32-bit)
 Heap Region Size: 1M
 Heap Min Capacity: 8M
 Heap Initial Capacity: 58M
 Heap Max Capacity: 910M
 Pre-touch: Disabled
 Parallel Workers: 8
 Concurrent Workers: 2
 Concurrent Refinement Workers: 8
 Periodic GC: Disabled
Heap:
 garbage-first heap   total 108544K, used 45177K [0x00000000c7200000, 0x0000000100000000)
  region size 1024K, 3 young (3072K), 3 survivors (3072K)
 Metaspace       used 60420K, committed 60864K, reserved 1105920K
  class space    used 7982K, committed 8192K, reserved 1048576K
GC Heap History (20 events):
Event: 19.730 GC heap after
{Heap after GC invocations=20 (full 0):
 garbage-first heap   total 79872K, used 31505K [0x00000000c7200000, 0x0000000100000000)
  region size 1024K, 3 young (3072K), 3 survivors (3072K)
 Metaspace       used 54573K, committed 54976K, reserved 1097728K
  class space    used 7199K, committed 7360K, reserved 1048576K
}
Event: 20.748 GC heap before
{Heap before GC invocations=20 (full 0):
 garbage-first heap   total 79872K, used 64273K [0x00000000c7200000, 0x0000000100000000)
  region size 1024K, 35 young (35840K), 3 survivors (3072K)
 Metaspace       used 55890K, committed 56320K, reserved 1105920K
  class space    used 7367K, committed 7552K, reserved 1048576K
}
Event: 20.768 GC heap after
{Heap after GC invocations=21 (full 0):
 garbage-first heap   total 79872K, used 33703K [0x00000000c7200000, 0x0000000100000000)
  region size 1024K, 5 young (5120K), 5 survivors (5120K)
 Metaspace       used 55890K, committed 56320K, reserved 1105920K
  class space    used 7367K, committed 7552K, reserved 1048576K
}
Event: 21.419 GC heap before
{Heap before GC invocations=21 (full 0):
 garbage-first heap   total 79872K, used 64423K [0x00000000c7200000, 0x0000000100000000)
  region size 1024K, 34 young (34816K), 5 survivors (5120K)
 Metaspace       used 57178K, committed 57600K, reserved 1105920K
  class space    used 7524K, committed 7744K, reserved 1048576K
}
Event: 21.441 GC heap after
{Heap after GC invocations=22 (full 0):
 garbage-first heap   total 79872K, used 38549K [0x00000000c7200000, 0x0000000100000000)
  region size 1024K, 5 young (5120K), 5 survivors (5120K)
 Metaspace       used 57178K, committed 57600K, reserved 1105920K
  class space    used 7524K, committed 7744K, reserved 1048576K
}
Event: 21.681 GC heap before
{Heap before GC invocations=22 (full 0):
 garbage-first heap   total 79872K, used 62101K [0x00000000c7200000, 0x0000000100000000)
  region size 1024K, 29 young (29696K), 5 survivors (5120K)
 Metaspace       used 57268K, committed 57664K, reserved 1105920K
  class space    used 7527K, committed 7744K, reserved 1048576K
}
Event: 21.704 GC heap after
{Heap after GC invocations=23 (full 0):
 garbage-first heap   total 79872K, used 42404K [0x00000000c7200000, 0x0000000100000000)
  region size 1024K, 4 young (4096K), 4 survivors (4096K)
 Metaspace       used 57268K, committed 57664K, reserved 1105920K
  class space    used 7527K, committed 7744K, reserved 1048576K
}
Event: 22.248 GC heap before
{Heap before GC invocations=23 (full 0):
 garbage-first heap   total 79872K, used 61860K [0x00000000c7200000, 0x0000000100000000)
  region size 1024K, 23 young (23552K), 4 survivors (4096K)
 Metaspace       used 57998K, committed 58432K, reserved 1105920K
  class space    used 7623K, committed 7808K, reserved 1048576K
}
Event: 22.269 GC heap after
{Heap after GC invocations=24 (full 0):
 garbage-first heap   total 108544K, used 47214K [0x00000000c7200000, 0x0000000100000000)
  region size 1024K, 3 young (3072K), 3 survivors (3072K)
 Metaspace       used 57998K, committed 58432K, reserved 1105920K
  class space    used 7623K, committed 7808K, reserved 1048576K
}
Event: 23.191 GC heap before
{Heap before GC invocations=25 (full 0):
 garbage-first heap   total 108544K, used 76910K [0x00000000c7200000, 0x0000000100000000)
  region size 1024K, 33 young (33792K), 3 survivors (3072K)
 Metaspace       used 58865K, committed 59328K, reserved 1105920K
  class space    used 7805K, committed 8000K, reserved 1048576K
}
Event: 23.212 GC heap after
{Heap after GC invocations=26 (full 0):
 garbage-first heap   total 108544K, used 49797K [0x00000000c7200000, 0x0000000100000000)
  region size 1024K, 2 young (2048K), 2 survivors (2048K)
 Metaspace       used 58865K, committed 59328K, reserved 1105920K
  class space    used 7805K, committed 8000K, reserved 1048576K
}
Event: 23.249 GC heap before
{Heap before GC invocations=26 (full 0):
 garbage-first heap   total 108544K, used 52869K [0x00000000c7200000, 0x0000000100000000)
  region size 1024K, 5 young (5120K), 2 survivors (2048K)
 Metaspace       used 58866K, committed 59328K, reserved 1105920K
  class space    used 7805K, committed 8000K, reserved 1048576K
}
Event: 23.258 GC heap after
{Heap after GC invocations=27 (full 0):
 garbage-first heap   total 108544K, used 50339K [0x00000000c7200000, 0x0000000100000000)
  region size 1024K, 1 young (1024K), 1 survivors (1024K)
 Metaspace       used 58866K, committed 59328K, reserved 1105920K
  class space    used 7805K, committed 8000K, reserved 1048576K
}
Event: 23.995 GC heap before
{Heap before GC invocations=27 (full 0):
 garbage-first heap   total 108544K, used 81059K [0x00000000c7200000, 0x0000000100000000)
  region size 1024K, 31 young (31744K), 1 survivors (1024K)
 Metaspace       used 59284K, committed 59776K, reserved 1105920K
  class space    used 7851K, committed 8064K, reserved 1048576K
}
Event: 24.010 GC heap after
{Heap after GC invocations=28 (full 0):
 garbage-first heap   total 108544K, used 51745K [0x00000000c7200000, 0x0000000100000000)
  region size 1024K, 2 young (2048K), 2 survivors (2048K)
 Metaspace       used 59284K, committed 59776K, reserved 1105920K
  class space    used 7851K, committed 8064K, reserved 1048576K
}
Event: 24.941 GC heap before
{Heap before GC invocations=29 (full 0):
 garbage-first heap   total 108544K, used 78369K [0x00000000c7200000, 0x0000000100000000)
  region size 1024K, 33 young (33792K), 2 survivors (2048K)
 Metaspace       used 59831K, committed 60288K, reserved 1105920K
  class space    used 7925K, committed 8128K, reserved 1048576K
}
Event: 24.959 GC heap after
{Heap after GC invocations=30 (full 0):
 garbage-first heap   total 108544K, used 47970K [0x00000000c7200000, 0x0000000100000000)
  region size 1024K, 4 young (4096K), 4 survivors (4096K)
 Metaspace       used 59831K, committed 60288K, reserved 1105920K
  class space    used 7925K, committed 8128K, reserved 1048576K
}
Event: 24.987 GC heap before
{Heap before GC invocations=30 (full 0):
 garbage-first heap   total 108544K, used 48994K [0x00000000c7200000, 0x0000000100000000)
  region size 1024K, 5 young (5120K), 4 survivors (4096K)
 Metaspace       used 59853K, committed 60288K, reserved 1105920K
  class space    used 7930K, committed 8128K, reserved 1048576K
}
Event: 25.002 GC heap after
{Heap after GC invocations=31 (full 0):
 garbage-first heap   total 108544K, used 43460K [0x00000000c7200000, 0x0000000100000000)
  region size 1024K, 1 young (1024K), 1 survivors (1024K)
 Metaspace       used 59853K, committed 60288K, reserved 1105920K
  class space    used 7930K, committed 8128K, reserved 1048576K
}
Event: 25.970 GC heap before
{Heap before GC invocations=31 (full 0):
 garbage-first heap   total 108544K, used 82372K [0x00000000c7200000, 0x0000000100000000)
  region size 1024K, 39 young (39936K), 1 survivors (1024K)
 Metaspace       used 60420K, committed 60864K, reserved 1105920K
  class space    used 7982K, committed 8192K, reserved 1048576K
}

